<?xml version="1.0" encoding="UTF-8"?>
<testsuite name="CoffeeMachineTest" tests="1" skipped="0" failures="0" errors="0" timestamp="2020-08-16T09:03:03" hostname="pool4804" time="0.751">
  <properties/>
  <testcase name="start" classname="CoffeeMachineTest" time="0.751"/>
  <system-out><![CDATA[?[1;31m
Start test 1?[0m
> remaining

The coffee machine has:
400 of water
540 of milk
120 of coffee beans
9 of disposable cups
$550 of money

> buy
> 2

What do you want to buy? 1 - espresso, 2 - latte, 3 - cappuccino, back - to main menu: 
I have enough resources, making you a coffee!
> buy
> 2

What do you want to buy? 1 - espresso, 2 - latte, 3 - cappuccino, back - to main menu: 
Sorry, not enough water!
> fill
> 1000
Write how many ml of water do you want to add:
> 0
Write how many ml of milk do you want to add: :
> 0
Write how many grams of coffee beans do you want to add:
> 0
Write how many disposable cups of coffee do you want to add:
> buy
> 2

What do you want to buy? 1 - espresso, 2 - latte, 3 - cappuccino, back - to main menu: 
I have enough resources, making you a coffee!
> take
I gave you $564
> remaining

The coffee machine has:
700 of water
390 of milk
80 of coffee beans
7 of disposable cups
$0 of money

> exit
?[1;31m
Start test 2?[0m
> remaining

The coffee machine has:
400 of water
540 of milk
120 of coffee beans
9 of disposable cups
$550 of money

> fill
> 3000
Write how many ml of water do you want to add:
> 3000
Write how many ml of milk do you want to add: :
> 3000
Write how many grams of coffee beans do you want to add:
> 3000
Write how many disposable cups of coffee do you want to add:
> remaining

The coffee machine has:
3400 of water
3540 of milk
3120 of coffee beans
3009 of disposable cups
$550 of money

> exit
?[1;31m
Start test 3?[0m
> remaining

The coffee machine has:
400 of water
540 of milk
120 of coffee beans
9 of disposable cups
$550 of money

> buy
> 1

What do you want to buy? 1 - espresso, 2 - latte, 3 - cappuccino, back - to main menu: 
I have enough resources, making you a coffee!
> remaining

The coffee machine has:
150 of water
540 of milk
104 of coffee beans
8 of disposable cups
$554 of money

> exit
?[1;31m
Start test 4?[0m
> remaining

The coffee machine has:
400 of water
540 of milk
120 of coffee beans
9 of disposable cups
$550 of money

> buy
> 2

What do you want to buy? 1 - espresso, 2 - latte, 3 - cappuccino, back - to main menu: 
I have enough resources, making you a coffee!
> remaining

The coffee machine has:
50 of water
465 of milk
100 of coffee beans
8 of disposable cups
$557 of money

> exit
?[1;31m
Start test 5?[0m
> remaining

The coffee machine has:
400 of water
540 of milk
120 of coffee beans
9 of disposable cups
$550 of money

> buy
> 3

What do you want to buy? 1 - espresso, 2 - latte, 3 - cappuccino, back - to main menu: 
I have enough resources, making you a coffee!
> remaining

The coffee machine has:
200 of water
440 of milk
108 of coffee beans
8 of disposable cups
$556 of money

> exit
?[1;31m
Start test 6?[0m
> remaining

The coffee machine has:
400 of water
540 of milk
120 of coffee beans
9 of disposable cups
$550 of money

> take
I gave you $550
> remaining

The coffee machine has:
400 of water
540 of milk
120 of coffee beans
9 of disposable cups
$0 of money

> exit
?[1;31m
Start test 7?[0m
> remaining

The coffee machine has:
400 of water
540 of milk
120 of coffee beans
9 of disposable cups
$550 of money

> buy
> back

What do you want to buy? 1 - espresso, 2 - latte, 3 - cappuccino, back - to main menu: 
> remaining

The coffee machine has:
400 of water
540 of milk
120 of coffee beans
9 of disposable cups
$550 of money

> exit
]]></system-out>
  <system-err><![CDATA[]]></system-err>
</testsuite>
